<?xml version="1.0" encoding="UTF-8"?>
<testsuite name="com.board.MiniBoardApplicationTests" tests="2" skipped="0" failures="0" errors="0" timestamp="2023-12-27T00:30:13" hostname="xavier-Virtual-Machine" time="1.883">
  <properties/>
  <testcase name="contextLoads()" classname="com.board.MiniBoardApplicationTests" time="1.49"/>
  <testcase name="printBoardRowCount()" classname="com.board.MiniBoardApplicationTests" time="0.389"/>
  <system-out><![CDATA[09:30:09.370 [Test worker] INFO org.springframework.test.context.support.AnnotationConfigContextLoaderUtils -- Could not detect default configuration classes for test class [com.board.MiniBoardApplicationTests]: MiniBoardApplicationTests does not declare any static, non-private, non-final, nested classes annotated with @Configuration.
09:30:09.568 [Test worker] INFO org.springframework.boot.test.context.SpringBootTestContextBootstrapper -- Found @SpringBootConfiguration com.board.MiniBoardApplication for test class com.board.MiniBoardApplicationTests

  .   ____          _            __ _ _
 /\\ / ___'_ __ _ _(_)_ __  __ _ \ \ \ \
( ( )\___ | '_ | '_| | '_ \/ _` | \ \ \ \
 \\/  ___)| |_)| | | | | || (_| |  ) ) ) )
  '  |____| .__|_| |_|_| |_\__, | / / / /
 =========|_|==============|___/=/_/_/_/
 :: Spring Boot ::                (v3.2.0)

2023-12-27T09:30:10.488+09:00  INFO 375358 --- [    Test worker] com.board.MiniBoardApplicationTests      : Starting MiniBoardApplicationTests using Java 17.0.9 with PID 375358 (started by xavier in /home/xavier/jenkins_home/MiniBoard)
2023-12-27T09:30:10.490+09:00  INFO 375358 --- [    Test worker] com.board.MiniBoardApplicationTests      : No active profile set, falling back to 1 default profile: "default"
2023-12-27T09:30:12.965+09:00 ERROR 375358 --- [    Test worker] o.a.catalina.core.AprLifecycleListener   : An incompatible version [1.2.31] of the Apache Tomcat Native library is installed, while Tomcat requires version [1.2.34]
2023-12-27T09:30:13.195+09:00  INFO 375358 --- [    Test worker] o.s.b.a.w.s.WelcomePageHandlerMapping    : Adding welcome page template: index
2023-12-27T09:30:13.835+09:00  INFO 375358 --- [    Test worker] com.board.MiniBoardApplicationTests      : Started MiniBoardApplicationTests in 3.963 seconds (process running for 5.991)
2023-12-27T09:30:15.444+09:00  INFO 375358 --- [    Test worker] com.zaxxer.hikari.HikariDataSource       : HikariPool-1 - Starting...
2023-12-27T09:30:15.699+09:00  INFO 375358 --- [    Test worker] com.zaxxer.hikari.pool.HikariPool        : HikariPool-1 - Added connection org.mariadb.jdbc.Connection@6cde0c69
2023-12-27T09:30:15.712+09:00  INFO 375358 --- [    Test worker] com.zaxxer.hikari.HikariDataSource       : HikariPool-1 - Start completed.
게시물 총갯수 : 25
]]></system-out>
  <system-err><![CDATA[]]></system-err>
</testsuite>
